C:\Users\Eon\miniforge3\envs\lmy12\python.exe C:\Users\Eon\PycharmProjects\DCDDPM\train.py
CUDA 可用，有 1 个 GPU 可用
device: cuda:0
Epoch [1/1000], Loss: 609.7081, Used: 5.4391s
Epoch [2/1000], Loss: 291.0876, Used: 4.9533s
Epoch [3/1000], Loss: 197.3510, Used: 4.9494s
Epoch [4/1000], Loss: 132.8823, Used: 4.9472s
Epoch [5/1000], Loss: 143.2568, Used: 4.9584s
Epoch [6/1000], Loss: 107.3307, Used: 4.9660s
Epoch [7/1000], Loss: 98.5684, Used: 4.9608s
Epoch [8/1000], Loss: 101.2581, Used: 4.9677s
Epoch [9/1000], Loss: 77.0270, Used: 4.9523s
Epoch [10/1000], Loss: 65.8003, Used: 4.9444s
Epoch [11/1000], Loss: 76.2533, Used: 4.9367s
Epoch [12/1000], Loss: 72.9400, Used: 4.9783s
Epoch [13/1000], Loss: 59.6443, Used: 4.9999s
Epoch [14/1000], Loss: 72.6799, Used: 4.9720s
Epoch [15/1000], Loss: 74.7970, Used: 5.0588s
Epoch [16/1000], Loss: 77.5713, Used: 5.0636s
Epoch [17/1000], Loss: 63.3387, Used: 5.0000s
Epoch [18/1000], Loss: 62.9564, Used: 5.0419s
Epoch [19/1000], Loss: 58.3878, Used: 4.9572s
Epoch [20/1000], Loss: 57.5052, Used: 5.0787s
Epoch [21/1000], Loss: 58.2384, Used: 4.9357s
Epoch [22/1000], Loss: 44.5379, Used: 4.9368s
Epoch [23/1000], Loss: 46.0068, Used: 5.0307s
Epoch [24/1000], Loss: 57.6046, Used: 4.9251s
Epoch [25/1000], Loss: 54.4975, Used: 4.9503s
Epoch [26/1000], Loss: 43.6716, Used: 4.9813s
Epoch [27/1000], Loss: 41.1546, Used: 5.0130s
Epoch [28/1000], Loss: 50.2434, Used: 5.5258s
Epoch [29/1000], Loss: 41.7334, Used: 5.4880s
Epoch [30/1000], Loss: 42.6227, Used: 5.7242s
Epoch [31/1000], Loss: 38.8542, Used: 5.5750s
Epoch [32/1000], Loss: 39.6622, Used: 6.0829s
Epoch [33/1000], Loss: 39.7440, Used: 5.8401s
Epoch [34/1000], Loss: 36.3004, Used: 6.2313s
Epoch [35/1000], Loss: 35.7818, Used: 6.8701s
Epoch [36/1000], Loss: 48.6054, Used: 6.1593s
Epoch [37/1000], Loss: 36.6455, Used: 6.7638s
Epoch [38/1000], Loss: 39.9866, Used: 5.7445s
Epoch [39/1000], Loss: 38.3187, Used: 6.1187s
Epoch [40/1000], Loss: 45.4496, Used: 6.0687s
Epoch [41/1000], Loss: 34.3586, Used: 5.2124s
Epoch [42/1000], Loss: 42.5675, Used: 5.0388s
Epoch [43/1000], Loss: 37.5107, Used: 4.9361s
Epoch [44/1000], Loss: 37.6945, Used: 5.5874s
Epoch [45/1000], Loss: 31.1681, Used: 6.7073s
Epoch [46/1000], Loss: 32.4900, Used: 5.2687s
Epoch [47/1000], Loss: 33.4920, Used: 5.3238s
Epoch [48/1000], Loss: 32.6859, Used: 5.1979s
Epoch [49/1000], Loss: 32.7680, Used: 5.0679s
Epoch [50/1000], Loss: 34.2378, Used: 5.0501s
Epoch [51/1000], Loss: 32.9599, Used: 5.0552s
Epoch [52/1000], Loss: 43.7049, Used: 5.0537s
Epoch [53/1000], Loss: 32.2513, Used: 5.0517s
Epoch [54/1000], Loss: 31.0321, Used: 5.0501s
Epoch [55/1000], Loss: 31.2748, Used: 5.0547s
Epoch [56/1000], Loss: 34.1297, Used: 5.0557s
Epoch [57/1000], Loss: 30.6834, Used: 5.0496s
Epoch [58/1000], Loss: 28.4689, Used: 5.0484s
Epoch [59/1000], Loss: 28.6960, Used: 5.0577s
Epoch [60/1000], Loss: 30.6324, Used: 5.3547s
Epoch [61/1000], Loss: 28.6741, Used: 5.1489s
Epoch [62/1000], Loss: 28.0217, Used: 5.1782s
Epoch [63/1000], Loss: 32.0618, Used: 5.0738s
Epoch [64/1000], Loss: 35.0284, Used: 5.0525s
Epoch [65/1000], Loss: 29.1811, Used: 5.0561s
Epoch [66/1000], Loss: 29.5208, Used: 5.1148s
Epoch [67/1000], Loss: 28.8984, Used: 5.1850s
Epoch [68/1000], Loss: 29.0865, Used: 5.1627s
Epoch [69/1000], Loss: 29.5732, Used: 5.3087s
Epoch [70/1000], Loss: 25.7148, Used: 5.9320s
Epoch [71/1000], Loss: 25.1914, Used: 5.4551s
Epoch [72/1000], Loss: 28.2808, Used: 5.1642s
Epoch [73/1000], Loss: 26.0547, Used: 5.1291s
Epoch [74/1000], Loss: 25.5301, Used: 4.9551s
Epoch [75/1000], Loss: 26.6691, Used: 4.9296s
Epoch [76/1000], Loss: 30.1759, Used: 4.9412s
Epoch [77/1000], Loss: 29.8706, Used: 4.9682s
Epoch [78/1000], Loss: 28.0705, Used: 4.9253s
Epoch [79/1000], Loss: 26.1318, Used: 5.0490s
Epoch [80/1000], Loss: 28.2991, Used: 4.9788s
Epoch [81/1000], Loss: 26.7337, Used: 5.1014s
Epoch [82/1000], Loss: 28.8166, Used: 5.1342s
Epoch [83/1000], Loss: 28.7321, Used: 5.0028s
Epoch [84/1000], Loss: 29.6352, Used: 5.0840s
Epoch [85/1000], Loss: 28.8222, Used: 4.9876s
Epoch [86/1000], Loss: 25.0455, Used: 5.0159s
Epoch [87/1000], Loss: 29.5831, Used: 5.0600s
Epoch [88/1000], Loss: 24.4533, Used: 5.0712s
Epoch [89/1000], Loss: 28.4188, Used: 6.3737s
Epoch [90/1000], Loss: 30.5992, Used: 5.8700s
Epoch [91/1000], Loss: 24.2755, Used: 6.0592s
Epoch [92/1000], Loss: 25.7866, Used: 6.2711s
Epoch [93/1000], Loss: 23.8278, Used: 6.0395s
Epoch [94/1000], Loss: 22.3991, Used: 5.8614s
Epoch [95/1000], Loss: 28.8993, Used: 6.4281s
Epoch [96/1000], Loss: 26.9297, Used: 5.7728s
Epoch [97/1000], Loss: 22.1104, Used: 5.7596s
Epoch [98/1000], Loss: 29.9333, Used: 6.2261s
Epoch [99/1000], Loss: 20.6227, Used: 5.8940s
Epoch [100/1000], Loss: 30.3906, Used: 4.9768s
Epoch [101/1000], Loss: 29.9485, Used: 4.9833s
Epoch [102/1000], Loss: 32.0127, Used: 5.1719s
Epoch [103/1000], Loss: 33.3357, Used: 4.9860s
Epoch [104/1000], Loss: 24.2499, Used: 5.0500s
Epoch [105/1000], Loss: 44.1839, Used: 5.0398s
Epoch [106/1000], Loss: 23.5257, Used: 4.9829s
Epoch [107/1000], Loss: 25.2653, Used: 5.9345s
Epoch [108/1000], Loss: 22.5906, Used: 5.6911s
Epoch [109/1000], Loss: 25.0530, Used: 6.7712s
Epoch [110/1000], Loss: 31.6812, Used: 5.9443s
Epoch [111/1000], Loss: 29.2755, Used: 6.1786s
Epoch [112/1000], Loss: 26.5474, Used: 5.8248s
Epoch [113/1000], Loss: 23.9018, Used: 5.9949s
Epoch [114/1000], Loss: 23.5252, Used: 6.5350s
Epoch [115/1000], Loss: 23.2738, Used: 6.7904s
Epoch [116/1000], Loss: 26.3548, Used: 6.4071s
Epoch [117/1000], Loss: 25.2119, Used: 6.7599s
Epoch [118/1000], Loss: 21.0796, Used: 6.1136s
Epoch [119/1000], Loss: 22.1199, Used: 6.5472s
Epoch [120/1000], Loss: 21.4791, Used: 6.3115s
Epoch [121/1000], Loss: 23.4524, Used: 6.3942s
Epoch [122/1000], Loss: 26.0234, Used: 6.1645s
Epoch [123/1000], Loss: 20.5272, Used: 6.4263s
Epoch [124/1000], Loss: 27.9950, Used: 6.8028s
Epoch [125/1000], Loss: 23.8116, Used: 6.7399s
Epoch [126/1000], Loss: 24.2634, Used: 6.9686s
Epoch [127/1000], Loss: 22.4774, Used: 6.5820s
Epoch [128/1000], Loss: 25.0965, Used: 6.4344s
Epoch [129/1000], Loss: 22.9952, Used: 6.8517s
Epoch [130/1000], Loss: 24.2665, Used: 6.9665s
Epoch [131/1000], Loss: 23.2995, Used: 6.7019s
Epoch [132/1000], Loss: 24.1582, Used: 6.0326s
Epoch [133/1000], Loss: 20.8161, Used: 5.9222s
Epoch [134/1000], Loss: 20.3326, Used: 6.0393s
Epoch [135/1000], Loss: 25.0074, Used: 5.8827s
Epoch [136/1000], Loss: 20.7898, Used: 6.1465s
Epoch [137/1000], Loss: 24.9517, Used: 6.7874s
Epoch [138/1000], Loss: 22.7324, Used: 6.2008s
Epoch [139/1000], Loss: 19.3197, Used: 5.5037s
Epoch [140/1000], Loss: 21.9615, Used: 6.0864s
Epoch [141/1000], Loss: 21.7307, Used: 5.9481s
Epoch [142/1000], Loss: 18.6104, Used: 5.5822s
Epoch [143/1000], Loss: 20.7095, Used: 5.4526s
Epoch [144/1000], Loss: 18.2004, Used: 4.9486s
Epoch [145/1000], Loss: 20.6993, Used: 4.9164s
Epoch [146/1000], Loss: 19.3776, Used: 4.9285s
Epoch [147/1000], Loss: 20.7367, Used: 4.9214s
Epoch [148/1000], Loss: 19.8947, Used: 5.0214s
Epoch [149/1000], Loss: 20.4226, Used: 4.9148s
Epoch [150/1000], Loss: 21.7708, Used: 4.9315s
Epoch [151/1000], Loss: 24.1071, Used: 4.9516s
Epoch [152/1000], Loss: 21.4856, Used: 5.0172s
Epoch [153/1000], Loss: 24.5412, Used: 4.9590s
Epoch [154/1000], Loss: 20.0864, Used: 4.9746s
Epoch [155/1000], Loss: 18.9592, Used: 4.9972s
Epoch [156/1000], Loss: 19.6049, Used: 5.0195s
Epoch [157/1000], Loss: 19.1084, Used: 4.9374s
Epoch [158/1000], Loss: 20.7867, Used: 4.9289s
Epoch [159/1000], Loss: 24.3824, Used: 4.9296s
Epoch [160/1000], Loss: 19.0900, Used: 4.9162s
Epoch [161/1000], Loss: 22.3867, Used: 4.9277s
Epoch [162/1000], Loss: 21.8381, Used: 4.9197s
Epoch [163/1000], Loss: 22.3885, Used: 4.9367s
Epoch [164/1000], Loss: 19.0813, Used: 4.9207s
Epoch [165/1000], Loss: 18.9715, Used: 4.9240s
Epoch [166/1000], Loss: 17.1917, Used: 4.9381s
Epoch [167/1000], Loss: 20.0290, Used: 4.9289s
Epoch [168/1000], Loss: 18.6091, Used: 4.9108s
Epoch [169/1000], Loss: 20.6030, Used: 4.9285s
Epoch [170/1000], Loss: 20.3864, Used: 4.9287s
Epoch [171/1000], Loss: 18.9630, Used: 4.9265s
Epoch [172/1000], Loss: 18.6892, Used: 4.9201s
Epoch [173/1000], Loss: 17.8419, Used: 4.9146s
Epoch [174/1000], Loss: 20.4087, Used: 4.9368s
Epoch [175/1000], Loss: 17.9144, Used: 4.9315s
Epoch [176/1000], Loss: 24.0760, Used: 4.9213s
Epoch [177/1000], Loss: 16.8260, Used: 4.9222s
Epoch [178/1000], Loss: 18.2957, Used: 4.9273s
Epoch [179/1000], Loss: 18.5451, Used: 4.9178s
Epoch [180/1000], Loss: 18.4619, Used: 4.9383s
Epoch [181/1000], Loss: 17.0893, Used: 4.9141s
Epoch [182/1000], Loss: 18.3759, Used: 4.9371s
Epoch [183/1000], Loss: 18.0839, Used: 4.9215s
Epoch [184/1000], Loss: 18.1493, Used: 4.9352s
Epoch [185/1000], Loss: 18.3477, Used: 4.9221s
Epoch [186/1000], Loss: 16.0653, Used: 4.9202s
Epoch [187/1000], Loss: 17.3451, Used: 4.9308s
Epoch [188/1000], Loss: 18.2282, Used: 4.9339s
Epoch [189/1000], Loss: 20.5419, Used: 4.9243s
Epoch [190/1000], Loss: 16.3158, Used: 5.0133s
Epoch [191/1000], Loss: 16.5846, Used: 4.9865s
Epoch [192/1000], Loss: 18.0089, Used: 4.9967s
Epoch [193/1000], Loss: 18.1136, Used: 5.0710s
Epoch [194/1000], Loss: 17.2419, Used: 5.0286s
Epoch [195/1000], Loss: 19.6022, Used: 4.9786s
Epoch [196/1000], Loss: 20.2558, Used: 5.0500s
Epoch [197/1000], Loss: 21.3780, Used: 4.9570s
Epoch [198/1000], Loss: 18.2646, Used: 4.9211s
Epoch [199/1000], Loss: 15.8965, Used: 4.9187s
Epoch [200/1000], Loss: 18.3383, Used: 4.9177s
Epoch [201/1000], Loss: 18.2397, Used: 4.9181s
Epoch [202/1000], Loss: 16.0039, Used: 4.9281s
Epoch [203/1000], Loss: 17.2627, Used: 5.0652s
Epoch [204/1000], Loss: 16.1285, Used: 4.9168s
Epoch [205/1000], Loss: 16.8629, Used: 4.9133s
Epoch [206/1000], Loss: 17.5667, Used: 4.8423s
Epoch [207/1000], Loss: 16.5829, Used: 4.8432s
Epoch [208/1000], Loss: 18.2793, Used: 4.8420s
Epoch [209/1000], Loss: 15.7689, Used: 4.8427s
Epoch [210/1000], Loss: 15.5610, Used: 4.8422s
Epoch [211/1000], Loss: 18.4222, Used: 4.8432s
Epoch [212/1000], Loss: 16.9773, Used: 4.8431s
Epoch [213/1000], Loss: 14.5990, Used: 4.8431s
Epoch [214/1000], Loss: 15.4305, Used: 4.8476s
Epoch [215/1000], Loss: 16.4617, Used: 4.8428s
Epoch [216/1000], Loss: 16.0336, Used: 4.8421s
Epoch [217/1000], Loss: 17.2108, Used: 4.8436s
Epoch [218/1000], Loss: 19.5572, Used: 4.8434s
Epoch [219/1000], Loss: 15.2757, Used: 4.8432s
Epoch [220/1000], Loss: 19.4581, Used: 4.8451s
Epoch [221/1000], Loss: 17.1083, Used: 4.8437s
Epoch [222/1000], Loss: 20.6170, Used: 4.8451s
Epoch [223/1000], Loss: 16.4296, Used: 4.8424s
Epoch [224/1000], Loss: 19.1320, Used: 4.8449s
Epoch [225/1000], Loss: 15.2138, Used: 4.8425s
Epoch [226/1000], Loss: 18.0649, Used: 4.8435s
Epoch [227/1000], Loss: 16.3560, Used: 4.8424s
Epoch [228/1000], Loss: 16.9258, Used: 4.8449s
Epoch [229/1000], Loss: 16.5108, Used: 4.8439s
Epoch [230/1000], Loss: 15.4114, Used: 4.8429s
Epoch [231/1000], Loss: 14.3770, Used: 4.8434s
Epoch [232/1000], Loss: 17.0484, Used: 4.8431s
Epoch [233/1000], Loss: 18.4670, Used: 4.8420s
Epoch [234/1000], Loss: 16.1139, Used: 4.8458s
Epoch [235/1000], Loss: 14.2791, Used: 4.8445s
Epoch [236/1000], Loss: 17.9624, Used: 4.8439s
Epoch [237/1000], Loss: 17.0147, Used: 4.8422s
Epoch [238/1000], Loss: 16.2744, Used: 4.8437s
Epoch [239/1000], Loss: 16.7182, Used: 4.8442s
Epoch [240/1000], Loss: 16.8271, Used: 4.8431s
Epoch [241/1000], Loss: 17.7203, Used: 4.8433s
Epoch [242/1000], Loss: 15.9813, Used: 4.8448s
Epoch [243/1000], Loss: 14.6380, Used: 4.8441s
Epoch [244/1000], Loss: 15.5965, Used: 4.8415s
Epoch [245/1000], Loss: 20.3562, Used: 4.8431s
Epoch [246/1000], Loss: 15.3499, Used: 4.8432s
Epoch [247/1000], Loss: 16.8259, Used: 4.8451s
Epoch [248/1000], Loss: 15.1389, Used: 4.8430s
Epoch [249/1000], Loss: 14.4458, Used: 4.8427s
Epoch [250/1000], Loss: 16.2453, Used: 4.8439s
Epoch [251/1000], Loss: 13.9152, Used: 4.8422s
Epoch [252/1000], Loss: 17.0241, Used: 4.8426s
Epoch [253/1000], Loss: 15.3161, Used: 4.8468s
Epoch [254/1000], Loss: 14.5751, Used: 4.8445s
Epoch [255/1000], Loss: 15.0374, Used: 4.8431s
Epoch [256/1000], Loss: 14.1946, Used: 4.8444s
Epoch [257/1000], Loss: 14.7835, Used: 4.8435s
Epoch [258/1000], Loss: 14.0758, Used: 4.8418s
Epoch [259/1000], Loss: 14.1342, Used: 4.8426s
Epoch [260/1000], Loss: 15.9916, Used: 4.8451s
Epoch [261/1000], Loss: 15.0566, Used: 4.8435s
Epoch [262/1000], Loss: 15.8168, Used: 4.8426s
Epoch [263/1000], Loss: 13.7266, Used: 4.8429s
Epoch [264/1000], Loss: 15.8382, Used: 4.8443s
Epoch [265/1000], Loss: 14.2612, Used: 4.8447s
Epoch [266/1000], Loss: 14.6154, Used: 4.8425s
Epoch [267/1000], Loss: 12.4177, Used: 4.8454s
Epoch [268/1000], Loss: 13.5269, Used: 4.8431s
Epoch [269/1000], Loss: 14.2311, Used: 4.8439s
Epoch [270/1000], Loss: 15.4659, Used: 4.8434s
Epoch [271/1000], Loss: 14.0332, Used: 4.8462s
Epoch [272/1000], Loss: 16.9375, Used: 4.8437s
Epoch [273/1000], Loss: 15.8378, Used: 4.8441s
Epoch [274/1000], Loss: 17.9742, Used: 4.8445s
Epoch [275/1000], Loss: 12.8742, Used: 4.8435s
Epoch [276/1000], Loss: 16.3483, Used: 4.8424s
Epoch [277/1000], Loss: 15.6792, Used: 4.8436s
Epoch [278/1000], Loss: 15.7610, Used: 4.8440s
Epoch [279/1000], Loss: 15.3588, Used: 4.8443s
Epoch [280/1000], Loss: 15.2406, Used: 4.8433s
Epoch [281/1000], Loss: 13.8646, Used: 4.8430s
Epoch [282/1000], Loss: 16.1292, Used: 4.8432s
Epoch [283/1000], Loss: 13.4595, Used: 4.8427s
Epoch [284/1000], Loss: 15.6617, Used: 4.8446s
Epoch [285/1000], Loss: 14.9955, Used: 4.8439s
Epoch [286/1000], Loss: 14.3855, Used: 4.8439s
Epoch [287/1000], Loss: 13.7388, Used: 4.8430s
Epoch [288/1000], Loss: 15.8388, Used: 4.8435s
Epoch [289/1000], Loss: 15.4136, Used: 4.8451s
Epoch [290/1000], Loss: 13.4478, Used: 4.8453s
Epoch [291/1000], Loss: 14.1228, Used: 4.8446s
Epoch [292/1000], Loss: 12.7284, Used: 4.8462s
Epoch [293/1000], Loss: 13.8236, Used: 4.8420s
Epoch [294/1000], Loss: 14.7836, Used: 4.8434s
Epoch [295/1000], Loss: 16.2685, Used: 4.8439s
Epoch [296/1000], Loss: 13.1427, Used: 4.8439s
Epoch [297/1000], Loss: 13.4005, Used: 4.8456s
Epoch [298/1000], Loss: 14.0748, Used: 4.8430s
Epoch [299/1000], Loss: 15.0437, Used: 4.8424s
Epoch [300/1000], Loss: 11.4658, Used: 4.8414s
Epoch [301/1000], Loss: 13.6469, Used: 4.8432s
Epoch [302/1000], Loss: 12.7654, Used: 4.8443s
Epoch [303/1000], Loss: 12.8498, Used: 4.8427s
Epoch [304/1000], Loss: 14.8811, Used: 4.8451s
Epoch [305/1000], Loss: 13.0609, Used: 4.8437s
Epoch [306/1000], Loss: 15.9253, Used: 4.8420s
Epoch [307/1000], Loss: 14.4887, Used: 4.8423s
Epoch [308/1000], Loss: 16.3120, Used: 4.8419s
Epoch [309/1000], Loss: 14.1274, Used: 4.8551s
Epoch [310/1000], Loss: 13.2821, Used: 4.8433s
Epoch [311/1000], Loss: 13.5985, Used: 4.8428s
Epoch [312/1000], Loss: 12.6281, Used: 4.8420s
Epoch [313/1000], Loss: 12.2764, Used: 4.8430s
Epoch [314/1000], Loss: 13.0143, Used: 4.8519s
Epoch [315/1000], Loss: 13.0972, Used: 4.8444s
Epoch [316/1000], Loss: 13.5245, Used: 4.8435s
Epoch [317/1000], Loss: 15.2939, Used: 4.8409s
Epoch [318/1000], Loss: 14.2831, Used: 4.8452s
Epoch [319/1000], Loss: 12.4896, Used: 4.8454s
Epoch [320/1000], Loss: 12.2678, Used: 4.8430s
Epoch [321/1000], Loss: 12.9630, Used: 4.8440s
Epoch [322/1000], Loss: 14.1369, Used: 4.8437s
Epoch [323/1000], Loss: 13.2461, Used: 4.8443s
Epoch [324/1000], Loss: 14.8283, Used: 4.8446s
Epoch [325/1000], Loss: 16.5397, Used: 4.8446s
Epoch [326/1000], Loss: 14.0722, Used: 4.8444s
Epoch [327/1000], Loss: 13.1022, Used: 4.8436s
Epoch [328/1000], Loss: 12.3872, Used: 4.8450s
Epoch [329/1000], Loss: 10.7324, Used: 4.8436s
Epoch [330/1000], Loss: 10.9777, Used: 4.8431s
Epoch [331/1000], Loss: 11.4873, Used: 4.8440s
Epoch [332/1000], Loss: 12.1648, Used: 4.8437s
Epoch [333/1000], Loss: 12.8588, Used: 4.8452s
Epoch [334/1000], Loss: 11.9174, Used: 4.8431s
Epoch [335/1000], Loss: 12.9972, Used: 4.8438s
Epoch [336/1000], Loss: 13.6061, Used: 4.8433s
Epoch [337/1000], Loss: 15.0589, Used: 4.8428s
Epoch [338/1000], Loss: 16.4309, Used: 4.8413s
Epoch [339/1000], Loss: 11.8130, Used: 4.8427s
Epoch [340/1000], Loss: 12.3315, Used: 4.8432s
Epoch [341/1000], Loss: 14.7677, Used: 4.8433s
Epoch [342/1000], Loss: 11.6016, Used: 4.8443s
Epoch [343/1000], Loss: 12.8818, Used: 4.8426s
Epoch [344/1000], Loss: 12.9087, Used: 4.8444s
Epoch [345/1000], Loss: 14.1952, Used: 4.8432s
Epoch [346/1000], Loss: 13.6551, Used: 4.8451s
Epoch [347/1000], Loss: 12.8333, Used: 4.8428s
Epoch [348/1000], Loss: 11.6072, Used: 4.8421s
Epoch [349/1000], Loss: 12.5516, Used: 4.8433s
Epoch [350/1000], Loss: 12.3277, Used: 4.8437s
Epoch [351/1000], Loss: 13.1151, Used: 4.8445s
Epoch [352/1000], Loss: 12.9504, Used: 4.8430s
Epoch [353/1000], Loss: 13.8383, Used: 4.8430s
Epoch [354/1000], Loss: 12.8600, Used: 4.8421s
Epoch [355/1000], Loss: 11.8059, Used: 4.8430s
Epoch [356/1000], Loss: 13.5835, Used: 4.8431s
Epoch [357/1000], Loss: 11.2331, Used: 4.8436s
Epoch [358/1000], Loss: 13.8148, Used: 4.8427s
Epoch [359/1000], Loss: 12.3648, Used: 4.8445s
Epoch [360/1000], Loss: 12.5105, Used: 4.8437s
Epoch [361/1000], Loss: 12.7386, Used: 4.8443s
Epoch [362/1000], Loss: 13.4858, Used: 4.8452s
Epoch [363/1000], Loss: 11.3710, Used: 4.8455s
Epoch [364/1000], Loss: 14.5818, Used: 4.8447s
Epoch [365/1000], Loss: 12.3699, Used: 4.8430s
Epoch [366/1000], Loss: 12.6378, Used: 4.8435s
Epoch [367/1000], Loss: 10.8436, Used: 4.8430s
Epoch [368/1000], Loss: 13.2687, Used: 4.8449s
Epoch [369/1000], Loss: 13.2062, Used: 4.8430s
Epoch [370/1000], Loss: 51.6487, Used: 4.8446s
Epoch [371/1000], Loss: 29.0710, Used: 4.8438s
Epoch [372/1000], Loss: 26.4457, Used: 4.8455s
Epoch [373/1000], Loss: 21.6810, Used: 4.8435s
Epoch [374/1000], Loss: 20.5869, Used: 4.8437s
Epoch [375/1000], Loss: 22.5390, Used: 4.8497s
Epoch [376/1000], Loss: 20.8590, Used: 4.8432s
Epoch [377/1000], Loss: 19.4420, Used: 4.8497s
Epoch [378/1000], Loss: 18.4855, Used: 4.8500s
Epoch [379/1000], Loss: 21.1828, Used: 4.8488s
Epoch [380/1000], Loss: 19.3476, Used: 4.8515s
Epoch [381/1000], Loss: 23.1362, Used: 4.8488s
Epoch [382/1000], Loss: 22.9274, Used: 4.8434s
Epoch [383/1000], Loss: 21.8084, Used: 4.8416s
Epoch [384/1000], Loss: 17.7153, Used: 4.8428s
Epoch [385/1000], Loss: 17.5943, Used: 4.8429s
Epoch [386/1000], Loss: 19.9470, Used: 4.8434s
Epoch [387/1000], Loss: 19.9209, Used: 4.8430s
Epoch [388/1000], Loss: 17.9395, Used: 4.8431s
Epoch [389/1000], Loss: 18.5467, Used: 4.8438s
Epoch [390/1000], Loss: 21.2455, Used: 4.8443s
Epoch [391/1000], Loss: 16.6833, Used: 4.8426s
Epoch [392/1000], Loss: 15.6501, Used: 4.8494s
Epoch [393/1000], Loss: 18.3270, Used: 4.8468s
Epoch [394/1000], Loss: 15.3067, Used: 4.8444s
Epoch [395/1000], Loss: 14.2171, Used: 4.8461s
Epoch [396/1000], Loss: 20.9132, Used: 4.8479s
Epoch [397/1000], Loss: 14.8369, Used: 4.8482s
Epoch [398/1000], Loss: 14.5067, Used: 4.8505s
Epoch [399/1000], Loss: 15.5213, Used: 4.8431s
Epoch [400/1000], Loss: 13.3866, Used: 4.8413s
Epoch [401/1000], Loss: 17.2940, Used: 4.8446s
Epoch [402/1000], Loss: 13.9128, Used: 4.8432s
Epoch [403/1000], Loss: 18.0553, Used: 4.8449s
Epoch [404/1000], Loss: 16.7507, Used: 4.8509s
Epoch [405/1000], Loss: 15.2451, Used: 4.8496s
Epoch [406/1000], Loss: 14.0118, Used: 4.8482s
Epoch [407/1000], Loss: 16.3109, Used: 4.8431s
Epoch [408/1000], Loss: 12.9114, Used: 4.8421s
Epoch [409/1000], Loss: 13.6994, Used: 4.8437s
Epoch [410/1000], Loss: 13.8242, Used: 4.8437s
Epoch [411/1000], Loss: 15.1197, Used: 4.8431s
Epoch [412/1000], Loss: 14.7022, Used: 4.8435s
Epoch [413/1000], Loss: 13.6233, Used: 4.8415s
Epoch [414/1000], Loss: 16.1118, Used: 4.8434s
Epoch [415/1000], Loss: 15.5966, Used: 4.8444s
Epoch [416/1000], Loss: 14.1945, Used: 4.8446s
Epoch [417/1000], Loss: 13.8604, Used: 4.8490s
Epoch [418/1000], Loss: 16.5664, Used: 4.8438s
Epoch [419/1000], Loss: 12.6911, Used: 4.8434s
Epoch [420/1000], Loss: 14.3292, Used: 4.8435s
Epoch [421/1000], Loss: 12.9721, Used: 4.8435s
Epoch [422/1000], Loss: 14.0982, Used: 4.8426s
Epoch [423/1000], Loss: 13.9651, Used: 4.8453s
Epoch [424/1000], Loss: 15.0613, Used: 4.8443s
Epoch [425/1000], Loss: 13.4950, Used: 4.8476s
Epoch [426/1000], Loss: 15.7119, Used: 4.8458s
Epoch [427/1000], Loss: 14.1778, Used: 4.8452s
Epoch [428/1000], Loss: 12.7555, Used: 4.8454s
Epoch [429/1000], Loss: 13.1238, Used: 4.8417s
Epoch [430/1000], Loss: 13.5919, Used: 4.8438s
Epoch [431/1000], Loss: 12.5889, Used: 4.8425s
Epoch [432/1000], Loss: 15.3848, Used: 4.8436s
Epoch [433/1000], Loss: 12.6784, Used: 4.8423s
Epoch [434/1000], Loss: 11.8954, Used: 4.8472s
Epoch [435/1000], Loss: 13.4246, Used: 4.8436s
Epoch [436/1000], Loss: 13.8731, Used: 4.8444s
Epoch [437/1000], Loss: 12.2574, Used: 4.8475s
Epoch [438/1000], Loss: 12.4878, Used: 4.8441s
Epoch [439/1000], Loss: 12.3382, Used: 4.8440s
Epoch [440/1000], Loss: 13.8049, Used: 4.8441s
Epoch [441/1000], Loss: 13.3962, Used: 4.8459s
Epoch [442/1000], Loss: 14.6707, Used: 4.8443s
Epoch [443/1000], Loss: 11.8649, Used: 4.8460s
Epoch [444/1000], Loss: 13.5697, Used: 4.8448s
Epoch [445/1000], Loss: 12.7263, Used: 4.8436s
Epoch [446/1000], Loss: 11.1964, Used: 4.8457s
Epoch [447/1000], Loss: 11.8038, Used: 4.8419s
Epoch [448/1000], Loss: 14.0096, Used: 4.8460s
Epoch [449/1000], Loss: 14.0637, Used: 4.8448s
Epoch [450/1000], Loss: 12.2377, Used: 4.8448s
Epoch [451/1000], Loss: 12.1112, Used: 4.8455s
Epoch [452/1000], Loss: 15.2738, Used: 4.8446s
Epoch [453/1000], Loss: 13.0053, Used: 4.8449s
Epoch [454/1000], Loss: 12.1275, Used: 4.8439s
Epoch [455/1000], Loss: 13.1890, Used: 4.8422s
Epoch [456/1000], Loss: 11.5982, Used: 4.8425s
Epoch [457/1000], Loss: 13.2981, Used: 4.8423s
Epoch [458/1000], Loss: 13.7004, Used: 4.8437s
Epoch [459/1000], Loss: 11.5465, Used: 4.8436s
Epoch [460/1000], Loss: 12.2325, Used: 4.8459s
Epoch [461/1000], Loss: 12.0674, Used: 4.8488s
Epoch [462/1000], Loss: 13.5815, Used: 4.8494s
Epoch [463/1000], Loss: 10.6867, Used: 4.8491s
Epoch [464/1000], Loss: 12.6688, Used: 4.8491s
Epoch [465/1000], Loss: 10.6703, Used: 4.8506s
Epoch [466/1000], Loss: 12.3986, Used: 4.8490s
Epoch [467/1000], Loss: 10.3220, Used: 4.8478s
Epoch [468/1000], Loss: 12.6109, Used: 4.8444s
Epoch [469/1000], Loss: 12.7017, Used: 4.8429s
Epoch [470/1000], Loss: 11.1893, Used: 4.8451s
Epoch [471/1000], Loss: 13.3172, Used: 4.8469s
Epoch [472/1000], Loss: 11.1439, Used: 4.8446s
Epoch [473/1000], Loss: 12.9666, Used: 4.8456s
Epoch [474/1000], Loss: 10.9579, Used: 4.8415s
Epoch [475/1000], Loss: 11.8967, Used: 4.8432s
Epoch [476/1000], Loss: 11.1608, Used: 4.8449s
Epoch [477/1000], Loss: 11.7759, Used: 4.8507s
Epoch [478/1000], Loss: 13.1117, Used: 4.8495s
Epoch [479/1000], Loss: 13.0744, Used: 4.8462s
Epoch [480/1000], Loss: 12.3573, Used: 4.8439s
Epoch [481/1000], Loss: 12.0384, Used: 4.8447s
Epoch [482/1000], Loss: 10.8758, Used: 4.8429s
Epoch [483/1000], Loss: 11.0811, Used: 4.8417s
Epoch [484/1000], Loss: 9.8381, Used: 4.8497s
Epoch [485/1000], Loss: 12.8865, Used: 4.8433s
Epoch [486/1000], Loss: 11.9857, Used: 4.8454s
Epoch [487/1000], Loss: 12.1633, Used: 4.8453s
Epoch [488/1000], Loss: 9.7779, Used: 4.8478s
Epoch [489/1000], Loss: 10.3697, Used: 4.8476s
Epoch [490/1000], Loss: 12.7189, Used: 4.8474s
Epoch [491/1000], Loss: 13.7493, Used: 4.8421s
Epoch [492/1000], Loss: 9.8721, Used: 4.8425s
Epoch [493/1000], Loss: 12.1248, Used: 4.8445s
Epoch [494/1000], Loss: 11.3829, Used: 4.8426s
Epoch [495/1000], Loss: 10.7436, Used: 4.8426s
Epoch [496/1000], Loss: 11.6673, Used: 4.8433s
Epoch [497/1000], Loss: 14.7697, Used: 4.8421s
Epoch [498/1000], Loss: 12.3770, Used: 4.8436s
Epoch [499/1000], Loss: 10.5959, Used: 4.8428s
Epoch [500/1000], Loss: 10.2142, Used: 4.8432s
Epoch [501/1000], Loss: 10.2091, Used: 4.8437s
Epoch [502/1000], Loss: 11.1046, Used: 4.8434s
Epoch [503/1000], Loss: 11.2731, Used: 4.8434s
Epoch [504/1000], Loss: 11.5363, Used: 4.8437s
Epoch [505/1000], Loss: 11.8176, Used: 4.8428s
Epoch [506/1000], Loss: 56.7151, Used: 4.8487s
Epoch [507/1000], Loss: 35.9953, Used: 4.8487s
Epoch [508/1000], Loss: 30.0711, Used: 4.8480s
Epoch [509/1000], Loss: 21.5795, Used: 4.8444s
Epoch [510/1000], Loss: 21.2835, Used: 4.8491s
Epoch [511/1000], Loss: 23.0531, Used: 4.8448s
Epoch [512/1000], Loss: 20.2342, Used: 4.8457s
Epoch [513/1000], Loss: 21.4879, Used: 4.8446s
Epoch [514/1000], Loss: 22.5584, Used: 4.8453s
Epoch [515/1000], Loss: 18.8748, Used: 4.8433s
Epoch [516/1000], Loss: 19.2775, Used: 4.8431s
Epoch [517/1000], Loss: 22.0970, Used: 4.8431s
Epoch [518/1000], Loss: 20.2535, Used: 4.8477s
Epoch [519/1000], Loss: 21.4063, Used: 4.8498s
Epoch [520/1000], Loss: 18.4386, Used: 4.8524s
Epoch [521/1000], Loss: 16.3116, Used: 4.8443s
Epoch [522/1000], Loss: 17.9169, Used: 4.8442s
Epoch [523/1000], Loss: 16.7497, Used: 4.8444s
Epoch [524/1000], Loss: 18.1805, Used: 4.8440s
Epoch [525/1000], Loss: 19.9658, Used: 4.8427s
Epoch [526/1000], Loss: 23.5229, Used: 4.8432s
Epoch [527/1000], Loss: 16.7846, Used: 4.8508s
Epoch [528/1000], Loss: 17.1115, Used: 4.8503s
Epoch [529/1000], Loss: 17.7966, Used: 4.8454s
Epoch [530/1000], Loss: 14.8225, Used: 4.8435s
Epoch [531/1000], Loss: 17.1650, Used: 4.8428s
Epoch [532/1000], Loss: 15.0498, Used: 4.8432s
Epoch [533/1000], Loss: 16.9610, Used: 4.8439s
Epoch [534/1000], Loss: 17.6421, Used: 4.8485s
Epoch [535/1000], Loss: 13.5603, Used: 4.8495s
Epoch [536/1000], Loss: 17.4307, Used: 4.8485s
Epoch [537/1000], Loss: 15.5222, Used: 4.8451s
Epoch [538/1000], Loss: 18.8857, Used: 4.8471s
Epoch [539/1000], Loss: 15.7685, Used: 4.8428s
Epoch [540/1000], Loss: 15.3854, Used: 4.8457s
Epoch [541/1000], Loss: 17.0753, Used: 4.8485s
Epoch [542/1000], Loss: 16.2214, Used: 4.8447s
Epoch [543/1000], Loss: 16.0942, Used: 4.8448s
Epoch [544/1000], Loss: 13.7702, Used: 4.8449s
Epoch [545/1000], Loss: 16.5435, Used: 4.8465s
Epoch [546/1000], Loss: 17.3587, Used: 4.8435s
Epoch [547/1000], Loss: 12.6200, Used: 4.8443s
Epoch [548/1000], Loss: 15.7307, Used: 4.8449s
Epoch [549/1000], Loss: 16.6101, Used: 4.8445s
Epoch [550/1000], Loss: 18.1515, Used: 4.8494s
Epoch [551/1000], Loss: 14.3115, Used: 4.8497s
Epoch [552/1000], Loss: 13.2034, Used: 4.8491s
Epoch [553/1000], Loss: 15.7579, Used: 4.8443s
Epoch [554/1000], Loss: 16.0047, Used: 4.8416s
Epoch [555/1000], Loss: 14.5624, Used: 4.8439s
Epoch [556/1000], Loss: 16.1966, Used: 4.8437s
Epoch [557/1000], Loss: 15.5221, Used: 4.8431s
Epoch [558/1000], Loss: 13.3154, Used: 4.8500s
Epoch [559/1000], Loss: 16.5957, Used: 4.8497s
Epoch [560/1000], Loss: 14.4113, Used: 4.8495s
Epoch [561/1000], Loss: 13.2601, Used: 4.8449s
Epoch [562/1000], Loss: 15.9776, Used: 4.8489s
Epoch [563/1000], Loss: 17.7993, Used: 4.8496s
Epoch [564/1000], Loss: 13.4020, Used: 4.8506s
Epoch [565/1000], Loss: 12.8550, Used: 4.8489s
Epoch [566/1000], Loss: 13.7000, Used: 4.8488s
Epoch [567/1000], Loss: 12.1579, Used: 4.8488s
Epoch [568/1000], Loss: 14.3851, Used: 4.8448s
Epoch [569/1000], Loss: 15.4688, Used: 4.8445s
Epoch [570/1000], Loss: 15.5233, Used: 4.8443s
Epoch [571/1000], Loss: 14.0975, Used: 4.8454s
Epoch [572/1000], Loss: 14.4593, Used: 4.8429s
Epoch [573/1000], Loss: 12.7072, Used: 4.8450s
Epoch [574/1000], Loss: 14.6451, Used: 4.8429s
Epoch [575/1000], Loss: 15.7092, Used: 4.8436s
Epoch [576/1000], Loss: 14.0513, Used: 4.8446s
Epoch [577/1000], Loss: 13.9383, Used: 4.8441s
Epoch [578/1000], Loss: 14.1981, Used: 4.8447s
Epoch [579/1000], Loss: 11.3685, Used: 4.8441s
Epoch [580/1000], Loss: 14.1984, Used: 4.8443s
Epoch [581/1000], Loss: 13.6290, Used: 4.8434s
Epoch [582/1000], Loss: 12.7097, Used: 4.8425s
Epoch [583/1000], Loss: 13.3816, Used: 4.8439s
Epoch [584/1000], Loss: 13.8541, Used: 4.8432s
Epoch [585/1000], Loss: 13.2612, Used: 4.8438s
Epoch [586/1000], Loss: 13.5785, Used: 4.8434s
Epoch [587/1000], Loss: 13.7861, Used: 4.8434s
Epoch [588/1000], Loss: 14.6708, Used: 4.8500s
Epoch [589/1000], Loss: 12.6213, Used: 4.8499s
Epoch [590/1000], Loss: 11.5508, Used: 4.8497s
Epoch [591/1000], Loss: 14.7533, Used: 4.8459s
Epoch [592/1000], Loss: 14.1502, Used: 4.8427s
Epoch [593/1000], Loss: 11.6259, Used: 4.8452s
Epoch [594/1000], Loss: 15.4471, Used: 4.8494s
Epoch [595/1000], Loss: 15.7228, Used: 4.8490s
Epoch [596/1000], Loss: 11.8011, Used: 4.8502s
Epoch [597/1000], Loss: 14.8989, Used: 4.8436s
Epoch [598/1000], Loss: 14.6886, Used: 4.8416s
Epoch [599/1000], Loss: 12.9030, Used: 4.8442s
Epoch [600/1000], Loss: 12.4502, Used: 4.8424s
Epoch [601/1000], Loss: 12.8127, Used: 4.8446s
Epoch [602/1000], Loss: 11.8360, Used: 4.8427s
Epoch [603/1000], Loss: 12.5121, Used: 4.8481s
Epoch [604/1000], Loss: 12.1849, Used: 4.8475s
Epoch [605/1000], Loss: 12.0724, Used: 4.8483s
Epoch [606/1000], Loss: 11.7584, Used: 4.8487s
Epoch [607/1000], Loss: 12.0691, Used: 4.8479s
Epoch [608/1000], Loss: 12.2859, Used: 4.8487s
Epoch [609/1000], Loss: 12.5979, Used: 4.8453s
Epoch [610/1000], Loss: 13.5366, Used: 4.8423s
Epoch [611/1000], Loss: 12.3627, Used: 4.8433s
Epoch [612/1000], Loss: 11.1415, Used: 4.8443s
Epoch [613/1000], Loss: 12.2440, Used: 4.8433s
Epoch [614/1000], Loss: 10.9938, Used: 4.8498s
Epoch [615/1000], Loss: 11.7555, Used: 4.8485s
Epoch [616/1000], Loss: 12.7069, Used: 4.8506s
Epoch [617/1000], Loss: 11.5185, Used: 4.8460s
Epoch [618/1000], Loss: 12.9520, Used: 4.8471s
Epoch [619/1000], Loss: 11.3821, Used: 4.8472s
Epoch [620/1000], Loss: 11.5706, Used: 4.8450s
Epoch [621/1000], Loss: 10.5815, Used: 4.8470s
Epoch [622/1000], Loss: 18.9462, Used: 4.8444s
Epoch [623/1000], Loss: 16.1565, Used: 4.8439s
Epoch [624/1000], Loss: 13.7690, Used: 4.8456s
Epoch [625/1000], Loss: 15.8067, Used: 4.8440s
Epoch [626/1000], Loss: 12.6265, Used: 4.8495s
Epoch [627/1000], Loss: 13.1901, Used: 4.8459s
Epoch [628/1000], Loss: 12.0917, Used: 4.8469s
Epoch [629/1000], Loss: 13.4008, Used: 4.8529s
Epoch [630/1000], Loss: 13.2353, Used: 4.8429s
Epoch [631/1000], Loss: 10.9210, Used: 4.8445s
Epoch [632/1000], Loss: 11.7304, Used: 4.8461s
Epoch [633/1000], Loss: 14.3217, Used: 4.8494s
Epoch [634/1000], Loss: 11.3070, Used: 4.8493s
Epoch [635/1000], Loss: 12.5618, Used: 4.8476s
Epoch [636/1000], Loss: 11.8425, Used: 4.8476s
Epoch [637/1000], Loss: 13.0403, Used: 4.8481s
Epoch [638/1000], Loss: 15.7002, Used: 4.8509s
Epoch [639/1000], Loss: 12.5056, Used: 4.8501s
Epoch [640/1000], Loss: 14.0791, Used: 4.8487s
Epoch [641/1000], Loss: 11.3495, Used: 4.8481s
Epoch [642/1000], Loss: 13.8143, Used: 4.8517s
Epoch [643/1000], Loss: 12.1631, Used: 4.8439s
Epoch [644/1000], Loss: 11.7369, Used: 4.8452s
Epoch [645/1000], Loss: 12.4563, Used: 4.8458s
Epoch [646/1000], Loss: 13.5628, Used: 4.8462s
Epoch [647/1000], Loss: 12.1160, Used: 4.8434s
Epoch [648/1000], Loss: 11.0454, Used: 4.8436s
Epoch [649/1000], Loss: 12.2008, Used: 4.8442s
Epoch [650/1000], Loss: 11.7391, Used: 4.8439s
Epoch [651/1000], Loss: 14.1957, Used: 4.8439s
Epoch [652/1000], Loss: 13.5039, Used: 4.8495s
Epoch [653/1000], Loss: 11.5976, Used: 4.8475s
Epoch [654/1000], Loss: 12.1282, Used: 4.8466s
Epoch [655/1000], Loss: 11.5061, Used: 4.8440s
Epoch [656/1000], Loss: 14.3736, Used: 4.8422s
Epoch [657/1000], Loss: 11.0920, Used: 4.8424s
Epoch [658/1000], Loss: 10.9889, Used: 4.8411s
Epoch [659/1000], Loss: 11.3320, Used: 4.8417s
Epoch [660/1000], Loss: 9.6370, Used: 4.8506s
Epoch [661/1000], Loss: 11.4463, Used: 4.8427s
Epoch [662/1000], Loss: 10.3692, Used: 4.8447s
Epoch [663/1000], Loss: 12.1212, Used: 4.8463s
Epoch [664/1000], Loss: 10.8119, Used: 4.8427s
Epoch [665/1000], Loss: 12.3963, Used: 4.8439s
Epoch [666/1000], Loss: 14.0430, Used: 4.8429s
Epoch [667/1000], Loss: 13.0901, Used: 4.8436s
Epoch [668/1000], Loss: 13.2815, Used: 4.8433s
Epoch [669/1000], Loss: 11.2593, Used: 4.8450s
Epoch [670/1000], Loss: 9.8546, Used: 4.8416s
Epoch [671/1000], Loss: 12.1679, Used: 4.8449s
Epoch [672/1000], Loss: 12.5917, Used: 4.8449s
Epoch [673/1000], Loss: 12.6728, Used: 4.8436s
Epoch [674/1000], Loss: 11.2912, Used: 4.8444s
Epoch [675/1000], Loss: 11.5312, Used: 4.8449s
Epoch [676/1000], Loss: 12.0652, Used: 4.8430s
Epoch [677/1000], Loss: 11.2929, Used: 4.8448s
Epoch [678/1000], Loss: 9.8002, Used: 4.8431s
Epoch [679/1000], Loss: 10.1851, Used: 4.8444s
Epoch [680/1000], Loss: 13.5412, Used: 4.8431s
Epoch [681/1000], Loss: 11.8897, Used: 4.8422s
Epoch [682/1000], Loss: 14.8208, Used: 4.8456s
Epoch [683/1000], Loss: 10.7234, Used: 4.8435s
Epoch [684/1000], Loss: 12.3608, Used: 4.8436s
Epoch [685/1000], Loss: 10.3757, Used: 4.8421s
Epoch [686/1000], Loss: 11.4559, Used: 4.8434s
Epoch [687/1000], Loss: 10.0333, Used: 4.8434s
Epoch [688/1000], Loss: 11.9711, Used: 4.8419s
Epoch [689/1000], Loss: 11.5284, Used: 4.8431s
Epoch [690/1000], Loss: 10.8107, Used: 4.8432s
Epoch [691/1000], Loss: 11.3953, Used: 4.8438s
Epoch [692/1000], Loss: 11.3318, Used: 4.8425s
Epoch [693/1000], Loss: 10.0581, Used: 4.8436s
Epoch [694/1000], Loss: 10.4438, Used: 4.8432s
Epoch [695/1000], Loss: 11.2587, Used: 4.8435s
Epoch [696/1000], Loss: 11.1817, Used: 4.8443s
Epoch [697/1000], Loss: 11.4646, Used: 4.8429s
Epoch [698/1000], Loss: 11.1706, Used: 4.8428s
Epoch [699/1000], Loss: 10.9598, Used: 4.8437s
Epoch [700/1000], Loss: 9.6898, Used: 4.8452s
Epoch [701/1000], Loss: 10.4870, Used: 4.8448s
Epoch [702/1000], Loss: 9.7849, Used: 4.8449s
Epoch [703/1000], Loss: 11.3765, Used: 4.8442s
Epoch [704/1000], Loss: 10.5006, Used: 4.8456s
Epoch [705/1000], Loss: 10.9617, Used: 4.8454s
Epoch [706/1000], Loss: 10.4213, Used: 4.8435s
Epoch [707/1000], Loss: 10.5274, Used: 4.8439s
Epoch [708/1000], Loss: 10.4731, Used: 4.8439s
Epoch [709/1000], Loss: 10.2017, Used: 4.8870s
Epoch [710/1000], Loss: 11.1868, Used: 4.8433s
Epoch [711/1000], Loss: 10.9438, Used: 4.8449s
Epoch [712/1000], Loss: 10.9303, Used: 4.8473s
Epoch [713/1000], Loss: 13.4624, Used: 4.8496s
Epoch [714/1000], Loss: 11.3096, Used: 4.8494s
Epoch [715/1000], Loss: 9.7430, Used: 4.8489s
Epoch [716/1000], Loss: 9.4029, Used: 4.8488s
Epoch [717/1000], Loss: 9.9669, Used: 4.8496s
Epoch [718/1000], Loss: 11.2220, Used: 4.8439s
Epoch [719/1000], Loss: 12.6124, Used: 4.8435s
Epoch [720/1000], Loss: 9.4927, Used: 4.8435s
Epoch [721/1000], Loss: 10.0133, Used: 4.8436s
Epoch [722/1000], Loss: 10.8154, Used: 4.8432s
Epoch [723/1000], Loss: 9.3499, Used: 4.8436s
Epoch [724/1000], Loss: 10.7537, Used: 4.8443s
Epoch [725/1000], Loss: 11.7753, Used: 4.8446s
Epoch [726/1000], Loss: 10.4100, Used: 4.8436s
Epoch [727/1000], Loss: 10.7604, Used: 4.8419s
Epoch [728/1000], Loss: 9.6384, Used: 4.8429s
Epoch [729/1000], Loss: 10.6077, Used: 4.8441s
Epoch [730/1000], Loss: 10.7285, Used: 4.8424s
Epoch [731/1000], Loss: 9.8963, Used: 4.8430s
Epoch [732/1000], Loss: 10.4127, Used: 4.8435s
Epoch [733/1000], Loss: 10.2521, Used: 4.8440s
Epoch [734/1000], Loss: 9.8375, Used: 4.8447s
Epoch [735/1000], Loss: 9.0882, Used: 4.8474s
Epoch [736/1000], Loss: 11.0287, Used: 4.8441s
Epoch [737/1000], Loss: 10.3568, Used: 4.8439s
Epoch [738/1000], Loss: 9.7891, Used: 4.8431s
Epoch [739/1000], Loss: 9.6021, Used: 4.8433s
Epoch [740/1000], Loss: 9.3715, Used: 4.8449s
Epoch [741/1000], Loss: 9.4155, Used: 4.8426s
Epoch [742/1000], Loss: 10.2474, Used: 4.8442s
Epoch [743/1000], Loss: 10.1502, Used: 4.8439s
Epoch [744/1000], Loss: 9.7416, Used: 4.8442s
Epoch [745/1000], Loss: 10.1757, Used: 4.8497s
Epoch [746/1000], Loss: 11.8250, Used: 4.8447s
Epoch [747/1000], Loss: 11.8005, Used: 4.8448s
Epoch [748/1000], Loss: 8.8229, Used: 4.8436s
Epoch [749/1000], Loss: 10.1084, Used: 4.8429s
Epoch [750/1000], Loss: 10.8455, Used: 4.8478s
Epoch [751/1000], Loss: 9.9338, Used: 4.8481s
Epoch [752/1000], Loss: 9.7066, Used: 4.8494s
Epoch [753/1000], Loss: 10.3927, Used: 4.8454s
Epoch [754/1000], Loss: 9.7097, Used: 4.8426s
Epoch [755/1000], Loss: 10.6168, Used: 4.8447s
Epoch [756/1000], Loss: 8.0951, Used: 4.8443s
Epoch [757/1000], Loss: 10.5721, Used: 4.8427s
Epoch [758/1000], Loss: 9.3133, Used: 4.8431s
Epoch [759/1000], Loss: 10.1632, Used: 4.8416s
Epoch [760/1000], Loss: 9.0638, Used: 4.8438s
Epoch [761/1000], Loss: 10.3538, Used: 4.8427s
Epoch [762/1000], Loss: 10.3095, Used: 4.8427s
Epoch [763/1000], Loss: 9.9254, Used: 4.8434s
Epoch [764/1000], Loss: 9.3063, Used: 4.8450s
Epoch [765/1000], Loss: 8.9845, Used: 4.8435s
Epoch [766/1000], Loss: 10.3037, Used: 4.8440s
Epoch [767/1000], Loss: 9.4809, Used: 4.8498s
Epoch [768/1000], Loss: 9.4024, Used: 4.8495s
Epoch [769/1000], Loss: 8.8881, Used: 4.8488s
Epoch [770/1000], Loss: 9.5036, Used: 4.8456s
Epoch [771/1000], Loss: 9.5564, Used: 4.8444s
Epoch [772/1000], Loss: 10.0680, Used: 4.8431s
Epoch [773/1000], Loss: 8.7235, Used: 4.8423s
Epoch [774/1000], Loss: 9.8770, Used: 4.8455s
Epoch [775/1000], Loss: 8.8612, Used: 4.8432s
Epoch [776/1000], Loss: 9.1310, Used: 4.8448s
Epoch [777/1000], Loss: 10.2858, Used: 4.8419s
Epoch [778/1000], Loss: 8.7882, Used: 4.8449s
Epoch [779/1000], Loss: 9.6668, Used: 4.8446s
Epoch [780/1000], Loss: 9.9617, Used: 4.8431s
Epoch [781/1000], Loss: 9.8971, Used: 4.8438s
Epoch [782/1000], Loss: 10.2953, Used: 4.8441s
Epoch [783/1000], Loss: 8.7021, Used: 4.8440s
Epoch [784/1000], Loss: 9.3667, Used: 4.8441s
Epoch [785/1000], Loss: 8.6248, Used: 4.8421s
Epoch [786/1000], Loss: 9.3413, Used: 4.8439s
Epoch [787/1000], Loss: 9.7221, Used: 4.8424s
Epoch [788/1000], Loss: 10.0287, Used: 4.8444s
Epoch [789/1000], Loss: 10.0564, Used: 4.8434s
Epoch [790/1000], Loss: 10.3705, Used: 4.8430s
Epoch [791/1000], Loss: 8.5863, Used: 4.8445s
Epoch [792/1000], Loss: 9.2760, Used: 4.8427s
Epoch [793/1000], Loss: 9.2513, Used: 4.8420s
Epoch [794/1000], Loss: 9.0418, Used: 4.8437s
Epoch [795/1000], Loss: 9.1784, Used: 4.8420s
Epoch [796/1000], Loss: 9.4449, Used: 4.8422s
Epoch [797/1000], Loss: 10.5426, Used: 4.8424s
Epoch [798/1000], Loss: 8.8611, Used: 4.8509s
Epoch [799/1000], Loss: 9.8878, Used: 4.8499s
Epoch [800/1000], Loss: 9.3663, Used: 4.8507s
Epoch [801/1000], Loss: 9.5207, Used: 4.8457s
Epoch [802/1000], Loss: 8.8656, Used: 4.8452s
Epoch [803/1000], Loss: 9.5725, Used: 4.8421s
Epoch [804/1000], Loss: 9.2917, Used: 4.8428s
Epoch [805/1000], Loss: 8.8977, Used: 4.8434s
Epoch [806/1000], Loss: 9.2334, Used: 4.8428s
Epoch [807/1000], Loss: 8.7007, Used: 4.8431s
Epoch [808/1000], Loss: 9.5507, Used: 4.8423s
Epoch [809/1000], Loss: 8.7359, Used: 4.8437s
Epoch [810/1000], Loss: 9.6991, Used: 4.8421s
Epoch [811/1000], Loss: 8.0478, Used: 4.8491s
Epoch [812/1000], Loss: 11.0945, Used: 4.8479s
Epoch [813/1000], Loss: 9.1739, Used: 4.8499s
Epoch [814/1000], Loss: 9.4172, Used: 4.8444s
Epoch [815/1000], Loss: 8.0277, Used: 4.8435s
Epoch [816/1000], Loss: 10.0236, Used: 4.8443s
Epoch [817/1000], Loss: 8.8835, Used: 4.8429s
Epoch [818/1000], Loss: 10.3495, Used: 4.8467s
Epoch [819/1000], Loss: 9.6479, Used: 4.8452s
Epoch [820/1000], Loss: 9.1362, Used: 4.8431s
Epoch [821/1000], Loss: 8.5912, Used: 4.8431s
Epoch [822/1000], Loss: 13.8374, Used: 4.8428s
Epoch [823/1000], Loss: 25.8238, Used: 4.8443s
Epoch [824/1000], Loss: 19.1247, Used: 4.8437s
Epoch [825/1000], Loss: 18.2257, Used: 4.8437s
Epoch [826/1000], Loss: 17.0107, Used: 4.8437s
Epoch [827/1000], Loss: 14.7255, Used: 4.8431s
Epoch [828/1000], Loss: 16.2189, Used: 4.8436s
Epoch [829/1000], Loss: 15.7090, Used: 4.8430s
Epoch [830/1000], Loss: 13.4434, Used: 4.8433s
Epoch [831/1000], Loss: 13.4749, Used: 4.8422s
Epoch [832/1000], Loss: 13.9821, Used: 4.8441s
Epoch [833/1000], Loss: 14.0690, Used: 4.8429s
Epoch [834/1000], Loss: 12.3686, Used: 4.8444s
Epoch [835/1000], Loss: 14.5076, Used: 4.8440s
Epoch [836/1000], Loss: 13.6168, Used: 4.8433s
Epoch [837/1000], Loss: 18.4734, Used: 4.8499s
Epoch [838/1000], Loss: 15.8510, Used: 4.8505s
Epoch [839/1000], Loss: 14.5068, Used: 4.8510s
Epoch [840/1000], Loss: 14.1356, Used: 4.8433s
Epoch [841/1000], Loss: 13.5509, Used: 4.8448s
Epoch [842/1000], Loss: 13.2031, Used: 4.8479s
Epoch [843/1000], Loss: 13.0546, Used: 4.8513s
Epoch [844/1000], Loss: 11.5485, Used: 4.8480s
Epoch [845/1000], Loss: 11.2630, Used: 4.8446s
Epoch [846/1000], Loss: 10.8852, Used: 4.8434s
Epoch [847/1000], Loss: 11.7258, Used: 4.8446s
Epoch [848/1000], Loss: 11.8556, Used: 4.8441s
Epoch [849/1000], Loss: 11.5276, Used: 4.8500s
Epoch [850/1000], Loss: 10.6211, Used: 4.8501s
Epoch [851/1000], Loss: 10.6665, Used: 4.8491s
Epoch [852/1000], Loss: 10.2811, Used: 4.8474s
Epoch [853/1000], Loss: 10.8692, Used: 4.8501s
Epoch [854/1000], Loss: 10.8693, Used: 4.8456s
Epoch [855/1000], Loss: 9.6399, Used: 4.8490s
Epoch [856/1000], Loss: 10.2249, Used: 4.8468s
Epoch [857/1000], Loss: 9.2749, Used: 4.8507s
Epoch [858/1000], Loss: 10.0185, Used: 4.8515s
Epoch [859/1000], Loss: 11.6869, Used: 4.8421s
Epoch [860/1000], Loss: 10.2791, Used: 4.8432s
Epoch [861/1000], Loss: 10.5550, Used: 4.8434s
Epoch [862/1000], Loss: 8.7949, Used: 4.8432s
Epoch [863/1000], Loss: 10.0429, Used: 4.8429s
Epoch [864/1000], Loss: 10.3872, Used: 4.8456s
Epoch [865/1000], Loss: 9.5001, Used: 4.8420s
Epoch [866/1000], Loss: 10.5866, Used: 4.8432s
Epoch [867/1000], Loss: 9.0728, Used: 4.8435s
Epoch [868/1000], Loss: 10.8073, Used: 4.8445s
Epoch [869/1000], Loss: 10.0429, Used: 4.8431s
Epoch [870/1000], Loss: 11.6042, Used: 4.8441s
Epoch [871/1000], Loss: 9.6111, Used: 4.8435s
Epoch [872/1000], Loss: 8.6537, Used: 4.8446s
Epoch [873/1000], Loss: 9.0746, Used: 4.8430s
Epoch [874/1000], Loss: 9.3748, Used: 4.8435s
Epoch [875/1000], Loss: 9.7540, Used: 4.8424s
Epoch [876/1000], Loss: 10.1263, Used: 4.8443s
Epoch [877/1000], Loss: 9.9073, Used: 4.8486s
Epoch [878/1000], Loss: 9.9940, Used: 4.8432s
Epoch [879/1000], Loss: 9.9363, Used: 4.8449s
Epoch [880/1000], Loss: 9.1927, Used: 4.8437s
Epoch [881/1000], Loss: 9.2273, Used: 4.8456s
Epoch [882/1000], Loss: 9.1400, Used: 4.8438s
Epoch [883/1000], Loss: 9.7738, Used: 4.8430s
Epoch [884/1000], Loss: 10.8291, Used: 4.8452s
Epoch [885/1000], Loss: 10.2103, Used: 4.8499s
Epoch [886/1000], Loss: 9.0902, Used: 4.8424s
Epoch [887/1000], Loss: 9.6462, Used: 4.8418s
Epoch [888/1000], Loss: 9.9245, Used: 4.8441s
Epoch [889/1000], Loss: 10.9683, Used: 4.8424s
Epoch [890/1000], Loss: 9.1958, Used: 4.8487s
Epoch [891/1000], Loss: 7.9975, Used: 4.8494s
Epoch [892/1000], Loss: 9.3934, Used: 4.8480s
Epoch [893/1000], Loss: 9.0682, Used: 4.8424s
Epoch [894/1000], Loss: 8.7341, Used: 4.8488s
Epoch [895/1000], Loss: 10.0931, Used: 4.8478s
Epoch [896/1000], Loss: 8.7618, Used: 4.8471s
Epoch [897/1000], Loss: 8.8502, Used: 4.8442s
Epoch [898/1000], Loss: 8.9760, Used: 4.8431s
Epoch [899/1000], Loss: 8.7388, Used: 4.8427s
Epoch [900/1000], Loss: 9.3532, Used: 4.8441s
Epoch [901/1000], Loss: 9.6113, Used: 4.8435s
Epoch [902/1000], Loss: 8.3402, Used: 4.8434s
Epoch [903/1000], Loss: 10.4388, Used: 4.8485s
Epoch [904/1000], Loss: 8.7191, Used: 4.8477s
Epoch [905/1000], Loss: 9.5341, Used: 4.8478s
Epoch [906/1000], Loss: 8.5258, Used: 4.8423s
Epoch [907/1000], Loss: 8.2129, Used: 4.8429s
Epoch [908/1000], Loss: 8.5005, Used: 4.8421s
Epoch [909/1000], Loss: 8.0093, Used: 4.8428s
Epoch [910/1000], Loss: 9.6229, Used: 4.8425s
Epoch [911/1000], Loss: 8.7138, Used: 4.8516s
Epoch [912/1000], Loss: 9.3033, Used: 4.8466s
Epoch [913/1000], Loss: 8.7628, Used: 4.8457s
Epoch [914/1000], Loss: 9.7234, Used: 4.8496s
Epoch [915/1000], Loss: 8.1109, Used: 4.8430s
Epoch [916/1000], Loss: 8.6053, Used: 4.8461s
Epoch [917/1000], Loss: 12.6061, Used: 4.8424s
Epoch [918/1000], Loss: 11.4613, Used: 4.8484s
Epoch [919/1000], Loss: 9.6117, Used: 4.8440s
Epoch [920/1000], Loss: 11.5049, Used: 4.8458s
Epoch [921/1000], Loss: 9.1938, Used: 4.8454s
Epoch [922/1000], Loss: 8.6923, Used: 4.8454s
Epoch [923/1000], Loss: 8.3515, Used: 4.8440s
Epoch [924/1000], Loss: 11.3679, Used: 4.8438s
Epoch [925/1000], Loss: 8.2426, Used: 4.8449s
Epoch [926/1000], Loss: 8.7728, Used: 4.8439s
Epoch [927/1000], Loss: 8.5233, Used: 4.8431s
Epoch [928/1000], Loss: 7.9707, Used: 4.8440s
Epoch [929/1000], Loss: 8.6200, Used: 4.8437s
Epoch [930/1000], Loss: 9.3399, Used: 4.8426s
Epoch [931/1000], Loss: 9.3738, Used: 4.8441s
Epoch [932/1000], Loss: 9.8787, Used: 4.8463s
Epoch [933/1000], Loss: 8.8123, Used: 4.8490s
Epoch [934/1000], Loss: 9.1392, Used: 4.8498s
Epoch [935/1000], Loss: 8.7833, Used: 4.8477s
Epoch [936/1000], Loss: 7.9958, Used: 4.8470s
Epoch [937/1000], Loss: 7.9778, Used: 4.8471s
Epoch [938/1000], Loss: 10.1000, Used: 4.8465s
Epoch [939/1000], Loss: 7.6466, Used: 4.8497s
Epoch [940/1000], Loss: 10.3575, Used: 4.8497s
Epoch [941/1000], Loss: 9.6338, Used: 4.8508s
Epoch [942/1000], Loss: 8.2411, Used: 4.8440s
Epoch [943/1000], Loss: 7.6922, Used: 4.8429s
Epoch [944/1000], Loss: 7.9244, Used: 4.8441s
Epoch [945/1000], Loss: 8.4725, Used: 4.8426s
Epoch [946/1000], Loss: 8.2916, Used: 4.8430s
Epoch [947/1000], Loss: 8.5536, Used: 4.8495s
Epoch [948/1000], Loss: 8.3466, Used: 4.8487s
Epoch [949/1000], Loss: 9.4016, Used: 4.8489s
Epoch [950/1000], Loss: 7.2369, Used: 4.8435s
Epoch [951/1000], Loss: 7.9495, Used: 4.8423s
Epoch [952/1000], Loss: 7.6725, Used: 4.8427s
Epoch [953/1000], Loss: 9.1534, Used: 4.8434s
Epoch [954/1000], Loss: 8.9161, Used: 4.8466s
Epoch [955/1000], Loss: 8.2920, Used: 4.8431s
Epoch [956/1000], Loss: 10.0011, Used: 4.8428s
Epoch [957/1000], Loss: 8.2600, Used: 4.8433s
Epoch [958/1000], Loss: 8.8228, Used: 4.8434s
Epoch [959/1000], Loss: 9.8572, Used: 4.8421s
Epoch [960/1000], Loss: 9.5588, Used: 4.8442s
Epoch [961/1000], Loss: 7.6573, Used: 4.8439s
Epoch [962/1000], Loss: 8.9811, Used: 4.8432s
Epoch [963/1000], Loss: 8.9901, Used: 4.8436s
Epoch [964/1000], Loss: 8.9038, Used: 4.8454s
Epoch [965/1000], Loss: 9.2138, Used: 4.8441s
Epoch [966/1000], Loss: 7.8271, Used: 4.8446s
Epoch [967/1000], Loss: 7.5680, Used: 4.8441s
Epoch [968/1000], Loss: 8.1976, Used: 4.8438s
Epoch [969/1000], Loss: 8.2544, Used: 4.8422s
Epoch [970/1000], Loss: 9.4816, Used: 4.8442s
Epoch [971/1000], Loss: 7.4372, Used: 4.8437s
Epoch [972/1000], Loss: 8.8890, Used: 4.8433s
Epoch [973/1000], Loss: 8.4087, Used: 4.8436s
Epoch [974/1000], Loss: 10.5561, Used: 4.8444s
Epoch [975/1000], Loss: 7.9591, Used: 4.8416s
Epoch [976/1000], Loss: 7.5916, Used: 4.8429s
Epoch [977/1000], Loss: 8.5012, Used: 4.8427s
Epoch [978/1000], Loss: 7.6976, Used: 4.8426s
Epoch [979/1000], Loss: 8.6637, Used: 4.8423s
Epoch [980/1000], Loss: 8.3274, Used: 4.8446s
Epoch [981/1000], Loss: 7.1320, Used: 4.8437s
Epoch [982/1000], Loss: 8.5495, Used: 4.8427s
Epoch [983/1000], Loss: 7.8105, Used: 4.8413s
Epoch [984/1000], Loss: 7.4178, Used: 4.8434s
Epoch [985/1000], Loss: 8.0665, Used: 4.8426s
Epoch [986/1000], Loss: 7.6689, Used: 4.8426s
Epoch [987/1000], Loss: 9.3942, Used: 4.8440s
Epoch [988/1000], Loss: 7.4401, Used: 4.8436s
Epoch [989/1000], Loss: 7.8235, Used: 4.8431s
Epoch [990/1000], Loss: 8.0486, Used: 4.8433s
Epoch [991/1000], Loss: 7.9877, Used: 4.8418s
Epoch [992/1000], Loss: 9.9494, Used: 4.8436s
Epoch [993/1000], Loss: 8.5966, Used: 4.8434s
Epoch [994/1000], Loss: 7.3826, Used: 4.8430s
Epoch [995/1000], Loss: 8.1718, Used: 4.8440s
Epoch [996/1000], Loss: 8.9845, Used: 4.8434s
Epoch [997/1000], Loss: 7.6768, Used: 4.8430s
Epoch [998/1000], Loss: 8.0050, Used: 4.8433s
Epoch [999/1000], Loss: 8.6611, Used: 4.8436s
Epoch [1000/1000], Loss: 8.2148, Used: 4.8440s

进程已结束，退出代码为 0
